altgraph @ file:///AppleInternal/Library/BuildRoots/226e9c8c-edb1-11ee-8f17-a65dcee5a99e/Library/Caches/com.apple.xbs/Sources/python3/altgraph-0.17.2-py2.py3-none-any.whl
appscript==1.3.0
future @ file:///AppleInternal/Library/BuildRoots/226e9c8c-edb1-11ee-8f17-a65dcee5a99e/Library/Caches/com.apple.xbs/Sources/python3/future-0.18.2-py3-none-any.whl
lxml==5.3.0
macholib @ file:///AppleInternal/Library/BuildRoots/226e9c8c-edb1-11ee-8f17-a65dcee5a99e/Library/Caches/com.apple.xbs/Sources/python3/macholib-1.15.2-py2.py3-none-any.whl
six @ file:///AppleInternal/Library/BuildRoots/226e9c8c-edb1-11ee-8f17-a65dcee5a99e/Library/Caches/com.apple.xbs/Sources/python3/six-1.15.0-py2.py3-none-any.whl
/usr/bin/python3
Requirement already satisfied: appscript in /Library/Python/3.9/site-packages (1.3.0)
Requirement already satisfied: lxml>=4.7.1 in /Library/Python/3.9/site-packages (from appscript) (5.3.0)
Updating wallaper ...
2024-12-10 22:49:30.245158
Updating wallaper ...
2024-12-10 23:49:28.859575
Updating wallaper ...
2024-12-11 00:49:29.251757
Updating wallaper ...
2024-12-11 18:22:43.082531
2024-12-11 20:47:07 Updating wallpaper ... 
Updating wallaper ...
2024-12-11 20:47:07.976691
2024-12-11 20:48:28 Updating wallpaper as  ... 
Updating wallaper ...
2024-12-11 20:48:28.113860
2024-12-11 20:49:17 Updating wallpaper as root ... 
Updating wallaper ...
2024-12-11 20:49:17.966671
2024-12-11 20:50:04 Updating wallpaper as root ... 
Updating wallaper ...
2024-12-11 20:50:04.374339
2024-12-11 20:57:24 Updating wallpaper as root ... 
Updating wallaper ...
2024-12-11 20:57:24.824998
2024-12-11 20:58:35 Updating wallpaper as root ... 
Updating wallaper ...
2024-12-11 20:58:35.830719
2024-12-11 21:01:36 - Updating wallpaper as root ... 
Updating wallaper ...
2024-12-11 21:01:36.794262
Successfully updated wallpaper
2024-12-11 21:03:19 - Updating wallpaper as root ... 
Updating wallaper ...
2024-12-11 21:03:19.581369
Successfully updated wallpaper
2024-12-11 21:13:31 - Updating wallpaper as root ... 
Updating wallaper ...
Successfully updated wallpaper
2024-12-11 21:21:32 - Updating wallpaper as root ... 
Updating wallaper ...
Successfully updated wallpaper
2024-12-11 21:39:36 - Updating wallpaper as root ... 
Updating wallaper ...
Successfully updated wallpaper
2024-12-11 21:41:25 - Updating wallpaper as root ... 
Updating wallaper ...
Successfully updated wallpaper
2024-12-11 21:56:26 - Updating wallpaper as root ... 
Updating wallaper ...
Successfully updated wallpaper
2024-12-12 08:12:21 - Updating wallpaper as root ... 
Updating wallaper ...
Successfully updated wallpaper
2024-12-12 15:11:18 - Updating wallpaper as root ... 
Updating wallaper ...
Successfully updated wallpaper
2024-12-12 15:26:18 - Updating wallpaper as root ... 
Updating wallaper ...
Successfully updated wallpaper
2024-12-12 15:41:18 - Updating wallpaper as root ... 
Updating wallaper ...
Successfully updated wallpaper
2024-12-12 15:56:19 - Updating wallpaper as root ... 
Updating wallaper ...
Successfully updated wallpaper
2024-12-12 16:11:19 - Updating wallpaper as root ... 
Updating wallaper ...
Successfully updated wallpaper
2024-12-12 16:26:19 - Updating wallpaper as root ... 
Updating wallaper ...
Successfully updated wallpaper
2024-12-12 16:41:19 - Updating wallpaper as root ... 
Updating wallaper ...
Successfully updated wallpaper
2024-12-12 16:56:20 - Updating wallpaper as root ... 
Updating wallaper ...
Successfully updated wallpaper
2024-12-12 17:11:20 - Updating wallpaper as root ... 
Updating wallaper ...
Successfully updated wallpaper
2024-12-12 17:26:20 - Updating wallpaper as root ... 
Updating wallaper ...
Successfully updated wallpaper
2024-12-12 17:41:20 - Updating wallpaper as root ... 
Updating wallaper ...
Successfully updated wallpaper
2024-12-12 18:18:04 - Updating wallpaper as root ... 
Updating wallaper ...
Successfully updated wallpaper
2024-12-12 18:33:05 - Updating wallpaper as root ... 
Updating wallaper ...
Successfully updated wallpaper
2024-12-12 18:48:05 - Updating wallpaper as root ... 
Updating wallaper ...
Successfully updated wallpaper
2024-12-12 19:03:05 - Updating wallpaper as root ... 
Updating wallaper ...
Successfully updated wallpaper
2024-12-12 21:17:55 - Updating wallpaper as root ... 
Updating wallaper ...
Successfully updated wallpaper
2024-12-12 22:44:20 - Updating wallpaper as root ... 
Updating wallaper ...
Successfully updated wallpaper
